CRITICAL - 2024-03-22 02:40:13 --> CodeIgniter\View\Exceptions\ViewException: Invalid file: "single_post.php"
in SYSTEMPATH/Exceptions/FrameworkException.php on line 39.
 1 SYSTEMPATH/View/View.php(216): CodeIgniter\Exceptions\FrameworkException::forInvalidFile()
 2 SYSTEMPATH/Common.php(1178): CodeIgniter\View\View->render()
 3 APPPATH/Controllers/Quotes.php(30): view()
 4 SYSTEMPATH/CodeIgniter.php(941): App\Controllers\Quotes->post()
 5 SYSTEMPATH/CodeIgniter.php(502): CodeIgniter\CodeIgniter->runController()
 6 SYSTEMPATH/CodeIgniter.php(361): CodeIgniter\CodeIgniter->handleRequest()
 7 FCPATH/index.php(79): CodeIgniter\CodeIgniter->run()
CRITICAL - 2024-03-22 02:44:56 --> ParseError: syntax error, unexpected token "<", expecting end of file
in APPPATH/Views/newquote.php on line 19.
 1 SYSTEMPATH/View/View.php(231): CodeIgniter\View\View->CodeIgniter\View\{closure}()
 2 SYSTEMPATH/Common.php(1178): CodeIgniter\View\View->render()
 3 APPPATH/Controllers/Quotes.php(19): view()
 4 SYSTEMPATH/CodeIgniter.php(941): App\Controllers\Quotes->index()
 5 SYSTEMPATH/CodeIgniter.php(502): CodeIgniter\CodeIgniter->runController()
 6 SYSTEMPATH/CodeIgniter.php(361): CodeIgniter\CodeIgniter->handleRequest()
 7 FCPATH/index.php(79): CodeIgniter\CodeIgniter->run()
CRITICAL - 2024-03-22 02:45:54 --> ParseError: syntax error, unexpected end of file, expecting "elseif" or "else" or "endif"
in APPPATH/Views/newquote.php on line 39.
 1 SYSTEMPATH/View/View.php(231): CodeIgniter\View\View->CodeIgniter\View\{closure}()
 2 SYSTEMPATH/Common.php(1178): CodeIgniter\View\View->render()
 3 APPPATH/Controllers/Quotes.php(19): view()
 4 SYSTEMPATH/CodeIgniter.php(941): App\Controllers\Quotes->index()
 5 SYSTEMPATH/CodeIgniter.php(502): CodeIgniter\CodeIgniter->runController()
 6 SYSTEMPATH/CodeIgniter.php(361): CodeIgniter\CodeIgniter->handleRequest()
 7 FCPATH/index.php(79): CodeIgniter\CodeIgniter->run()
CRITICAL - 2024-03-22 02:47:36 --> ParseError: syntax error, unexpected identifier "view"
in APPPATH/Controllers/Quotes.php on line 33.
 1 SYSTEMPATH/Autoloader/Autoloader.php(290): CodeIgniter\Autoloader\Autoloader->includeFile()
 2 SYSTEMPATH/Autoloader/Autoloader.php(266): CodeIgniter\Autoloader\Autoloader->loadInNamespace()
 3 [internal function]: CodeIgniter\Autoloader\Autoloader->loadClass()
 4 SYSTEMPATH/CodeIgniter.php(899): class_exists()
 5 SYSTEMPATH/CodeIgniter.php(489): CodeIgniter\CodeIgniter->startController()
 6 SYSTEMPATH/CodeIgniter.php(361): CodeIgniter\CodeIgniter->handleRequest()
 7 FCPATH/index.php(79): CodeIgniter\CodeIgniter->run()
CRITICAL - 2024-03-22 02:58:52 --> ParseError: syntax error, unexpected token "}", expecting "," or ";"
in APPPATH/Controllers/Quotes.php on line 30.
 1 SYSTEMPATH/Autoloader/Autoloader.php(290): CodeIgniter\Autoloader\Autoloader->includeFile()
 2 SYSTEMPATH/Autoloader/Autoloader.php(266): CodeIgniter\Autoloader\Autoloader->loadInNamespace()
 3 [internal function]: CodeIgniter\Autoloader\Autoloader->loadClass()
 4 SYSTEMPATH/CodeIgniter.php(899): class_exists()
 5 SYSTEMPATH/CodeIgniter.php(489): CodeIgniter\CodeIgniter->startController()
 6 SYSTEMPATH/CodeIgniter.php(361): CodeIgniter\CodeIgniter->handleRequest()
 7 FCPATH/index.php(79): CodeIgniter\CodeIgniter->run()
CRITICAL - 2024-03-22 03:03:57 --> CodeIgniter\Database\Exceptions\DataException: There is no data to insert.
in SYSTEMPATH/BaseModel.php on line 788.
 1 SYSTEMPATH/BaseModel.php(788): CodeIgniter\Database\Exceptions\DataException::forEmptyDataset()
 2 SYSTEMPATH/Model.php(744): CodeIgniter\BaseModel->insert()
 3 SYSTEMPATH/BaseModel.php(713): CodeIgniter\Model->insert()
 4 APPPATH/Controllers/Quotes.php(27): CodeIgniter\BaseModel->save()
 5 SYSTEMPATH/CodeIgniter.php(941): App\Controllers\Quotes->post()
 6 SYSTEMPATH/CodeIgniter.php(502): CodeIgniter\CodeIgniter->runController()
 7 SYSTEMPATH/CodeIgniter.php(361): CodeIgniter\CodeIgniter->handleRequest()
 8 FCPATH/index.php(79): CodeIgniter\CodeIgniter->run()
CRITICAL - 2024-03-22 03:04:06 --> CodeIgniter\Database\Exceptions\DataException: There is no data to insert.
in SYSTEMPATH/BaseModel.php on line 788.
 1 SYSTEMPATH/BaseModel.php(788): CodeIgniter\Database\Exceptions\DataException::forEmptyDataset()
 2 SYSTEMPATH/Model.php(744): CodeIgniter\BaseModel->insert()
 3 SYSTEMPATH/BaseModel.php(713): CodeIgniter\Model->insert()
 4 APPPATH/Controllers/Quotes.php(27): CodeIgniter\BaseModel->save()
 5 SYSTEMPATH/CodeIgniter.php(941): App\Controllers\Quotes->post()
 6 SYSTEMPATH/CodeIgniter.php(502): CodeIgniter\CodeIgniter->runController()
 7 SYSTEMPATH/CodeIgniter.php(361): CodeIgniter\CodeIgniter->handleRequest()
 8 FCPATH/index.php(79): CodeIgniter\CodeIgniter->run()
CRITICAL - 2024-03-22 03:04:18 --> CodeIgniter\Database\Exceptions\DataException: There is no data to insert.
in SYSTEMPATH/BaseModel.php on line 788.
 1 SYSTEMPATH/BaseModel.php(788): CodeIgniter\Database\Exceptions\DataException::forEmptyDataset()
 2 SYSTEMPATH/Model.php(744): CodeIgniter\BaseModel->insert()
 3 SYSTEMPATH/BaseModel.php(713): CodeIgniter\Model->insert()
 4 APPPATH/Controllers/Quotes.php(27): CodeIgniter\BaseModel->save()
 5 SYSTEMPATH/CodeIgniter.php(941): App\Controllers\Quotes->post()
 6 SYSTEMPATH/CodeIgniter.php(502): CodeIgniter\CodeIgniter->runController()
 7 SYSTEMPATH/CodeIgniter.php(361): CodeIgniter\CodeIgniter->handleRequest()
 8 FCPATH/index.php(79): CodeIgniter\CodeIgniter->run()
CRITICAL - 2024-03-22 03:04:22 --> CodeIgniter\Database\Exceptions\DataException: There is no data to insert.
in SYSTEMPATH/BaseModel.php on line 788.
 1 SYSTEMPATH/BaseModel.php(788): CodeIgniter\Database\Exceptions\DataException::forEmptyDataset()
 2 SYSTEMPATH/Model.php(744): CodeIgniter\BaseModel->insert()
 3 SYSTEMPATH/BaseModel.php(713): CodeIgniter\Model->insert()
 4 APPPATH/Controllers/Quotes.php(27): CodeIgniter\BaseModel->save()
 5 SYSTEMPATH/CodeIgniter.php(941): App\Controllers\Quotes->post()
 6 SYSTEMPATH/CodeIgniter.php(502): CodeIgniter\CodeIgniter->runController()
 7 SYSTEMPATH/CodeIgniter.php(361): CodeIgniter\CodeIgniter->handleRequest()
 8 FCPATH/index.php(79): CodeIgniter\CodeIgniter->run()
CRITICAL - 2024-03-22 03:04:47 --> ErrorException: Undefined array key "post_title"
in APPPATH/Models/QuoteModel.php on line 32.
 1 APPPATH/Models/QuoteModel.php(32): CodeIgniter\Debug\Exceptions->errorHandler()
 2 SYSTEMPATH/BaseModel.php(1646): App\Models\QuoteModel->checkName()
 3 SYSTEMPATH/BaseModel.php(799): CodeIgniter\BaseModel->trigger()
 4 SYSTEMPATH/Model.php(744): CodeIgniter\BaseModel->insert()
 5 SYSTEMPATH/BaseModel.php(713): CodeIgniter\Model->insert()
 6 APPPATH/Controllers/Quotes.php(27): CodeIgniter\BaseModel->save()
 7 SYSTEMPATH/CodeIgniter.php(941): App\Controllers\Quotes->post()
 8 SYSTEMPATH/CodeIgniter.php(502): CodeIgniter\CodeIgniter->runController()
 9 SYSTEMPATH/CodeIgniter.php(361): CodeIgniter\CodeIgniter->handleRequest()
10 FCPATH/index.php(79): CodeIgniter\CodeIgniter->run()
CRITICAL - 2024-03-22 03:05:19 --> ParseError: Unmatched '}'
in APPPATH/Models/QuoteModel.php on line 51.
 1 SYSTEMPATH/Autoloader/Autoloader.php(290): CodeIgniter\Autoloader\Autoloader->includeFile()
 2 SYSTEMPATH/Autoloader/Autoloader.php(266): CodeIgniter\Autoloader\Autoloader->loadInNamespace()
 3 APPPATH/Controllers/Quotes.php(26): CodeIgniter\Autoloader\Autoloader->loadClass()
 4 SYSTEMPATH/CodeIgniter.php(941): App\Controllers\Quotes->post()
 5 SYSTEMPATH/CodeIgniter.php(502): CodeIgniter\CodeIgniter->runController()
 6 SYSTEMPATH/CodeIgniter.php(361): CodeIgniter\CodeIgniter->handleRequest()
 7 FCPATH/index.php(79): CodeIgniter\CodeIgniter->run()
ERROR - 2024-03-22 03:05:50 --> Error connecting to the database: mysqli_sql_exception: Access denied for user 'root'@'localhost' (using password: YES) in /var/science/vendor/codeigniter4/framework/system/Database/MySQLi/Connection.php:185
Stack trace:
#0 /var/science/vendor/codeigniter4/framework/system/Database/MySQLi/Connection.php(185): mysqli->real_connect()
#1 /var/science/vendor/codeigniter4/framework/system/Database/BaseConnection.php(392): CodeIgniter\Database\MySQLi\Connection->connect()
#2 /var/science/vendor/codeigniter4/framework/system/Database/BaseConnection.php(575): CodeIgniter\Database\BaseConnection->initialize()
#3 /var/science/vendor/codeigniter4/framework/system/Database/BaseBuilder.php(2307): CodeIgniter\Database\BaseConnection->query()
#4 /var/science/vendor/codeigniter4/framework/system/Model.php(326): CodeIgniter\Database\BaseBuilder->insert()
#5 /var/science/vendor/codeigniter4/framework/system/BaseModel.php(802): CodeIgniter\Model->doInsert()
#6 /var/science/vendor/codeigniter4/framework/system/Model.php(744): CodeIgniter\BaseModel->insert()
#7 /var/science/vendor/codeigniter4/framework/system/BaseModel.php(713): CodeIgniter\Model->insert()
#8 /var/science/app/Controllers/Quotes.php(27): CodeIgniter\BaseModel->save()
#9 /var/science/vendor/codeigniter4/framework/system/CodeIgniter.php(941): App\Controllers\Quotes->post()
#10 /var/science/vendor/codeigniter4/framework/system/CodeIgniter.php(502): CodeIgniter\CodeIgniter->runController()
#11 /var/science/vendor/codeigniter4/framework/system/CodeIgniter.php(361): CodeIgniter\CodeIgniter->handleRequest()
#12 /var/science/public/index.php(79): CodeIgniter\CodeIgniter->run()
#13 {main}

Next CodeIgniter\Database\Exceptions\DatabaseException: Access denied for user '****'@'localhost' (using password: YES) in /var/science/vendor/codeigniter4/framework/system/Database/MySQLi/Connection.php:229
Stack trace:
#0 /var/science/vendor/codeigniter4/framework/system/Database/BaseConnection.php(392): CodeIgniter\Database\MySQLi\Connection->connect()
#1 /var/science/vendor/codeigniter4/framework/system/Database/BaseConnection.php(575): CodeIgniter\Database\BaseConnection->initialize()
#2 /var/science/vendor/codeigniter4/framework/system/Database/BaseBuilder.php(2307): CodeIgniter\Database\BaseConnection->query()
#3 /var/science/vendor/codeigniter4/framework/system/Model.php(326): CodeIgniter\Database\BaseBuilder->insert()
#4 /var/science/vendor/codeigniter4/framework/system/BaseModel.php(802): CodeIgniter\Model->doInsert()
#5 /var/science/vendor/codeigniter4/framework/system/Model.php(744): CodeIgniter\BaseModel->insert()
#6 /var/science/vendor/codeigniter4/framework/system/BaseModel.php(713): CodeIgniter\Model->insert()
#7 /var/science/app/Controllers/Quotes.php(27): CodeIgniter\BaseModel->save()
#8 /var/science/vendor/codeigniter4/framework/system/CodeIgniter.php(941): App\Controllers\Quotes->post()
#9 /var/science/vendor/codeigniter4/framework/system/CodeIgniter.php(502): CodeIgniter\CodeIgniter->runController()
#10 /var/science/vendor/codeigniter4/framework/system/CodeIgniter.php(361): CodeIgniter\CodeIgniter->handleRequest()
#11 /var/science/public/index.php(79): CodeIgniter\CodeIgniter->run()
#12 {main}
CRITICAL - 2024-03-22 03:05:50 --> CodeIgniter\Database\Exceptions\DatabaseException: Unable to connect to the database.
Main connection [MySQLi]: Access denied for user '****'@'localhost' (using password: YES)
in SYSTEMPATH/Database/BaseConnection.php on line 428.
 1 SYSTEMPATH/Database/BaseConnection.php(575): CodeIgniter\Database\BaseConnection->initialize()
 2 SYSTEMPATH/Database/BaseBuilder.php(2307): CodeIgniter\Database\BaseConnection->query()
 3 SYSTEMPATH/Model.php(326): CodeIgniter\Database\BaseBuilder->insert()
 4 SYSTEMPATH/BaseModel.php(802): CodeIgniter\Model->doInsert()
 5 SYSTEMPATH/Model.php(744): CodeIgniter\BaseModel->insert()
 6 SYSTEMPATH/BaseModel.php(713): CodeIgniter\Model->insert()
 7 APPPATH/Controllers/Quotes.php(27): CodeIgniter\BaseModel->save()
 8 SYSTEMPATH/CodeIgniter.php(941): App\Controllers\Quotes->post()
 9 SYSTEMPATH/CodeIgniter.php(502): CodeIgniter\CodeIgniter->runController()
10 SYSTEMPATH/CodeIgniter.php(361): CodeIgniter\CodeIgniter->handleRequest()
11 FCPATH/index.php(79): CodeIgniter\CodeIgniter->run()
ERROR - 2024-03-22 03:07:25 --> mysqli_sql_exception: Table 'Science.posts' doesn't exist in /var/science/vendor/codeigniter4/framework/system/Database/MySQLi/Connection.php:306
Stack trace:
#0 /var/science/vendor/codeigniter4/framework/system/Database/MySQLi/Connection.php(306): mysqli->query()
#1 /var/science/vendor/codeigniter4/framework/system/Database/BaseConnection.php(693): CodeIgniter\Database\MySQLi\Connection->execute()
#2 /var/science/vendor/codeigniter4/framework/system/Database/BaseConnection.php(607): CodeIgniter\Database\BaseConnection->simpleQuery()
#3 /var/science/vendor/codeigniter4/framework/system/Database/BaseBuilder.php(2307): CodeIgniter\Database\BaseConnection->query()
#4 /var/science/vendor/codeigniter4/framework/system/Model.php(326): CodeIgniter\Database\BaseBuilder->insert()
#5 /var/science/vendor/codeigniter4/framework/system/BaseModel.php(802): CodeIgniter\Model->doInsert()
#6 /var/science/vendor/codeigniter4/framework/system/Model.php(744): CodeIgniter\BaseModel->insert()
#7 /var/science/vendor/codeigniter4/framework/system/BaseModel.php(713): CodeIgniter\Model->insert()
#8 /var/science/app/Controllers/Quotes.php(27): CodeIgniter\BaseModel->save()
#9 /var/science/vendor/codeigniter4/framework/system/CodeIgniter.php(941): App\Controllers\Quotes->post()
#10 /var/science/vendor/codeigniter4/framework/system/CodeIgniter.php(502): CodeIgniter\CodeIgniter->runController()
#11 /var/science/vendor/codeigniter4/framework/system/CodeIgniter.php(361): CodeIgniter\CodeIgniter->handleRequest()
#12 /var/science/public/index.php(79): CodeIgniter\CodeIgniter->run()
#13 {main}
CRITICAL - 2024-03-22 03:07:25 --> CodeIgniter\Database\Exceptions\DatabaseException: Table 'Science.posts' doesn't exist
in SYSTEMPATH/Database/BaseConnection.php on line 647.
 1 SYSTEMPATH/Database/BaseBuilder.php(2307): CodeIgniter\Database\BaseConnection->query()
 2 SYSTEMPATH/Model.php(326): CodeIgniter\Database\BaseBuilder->insert()
 3 SYSTEMPATH/BaseModel.php(802): CodeIgniter\Model->doInsert()
 4 SYSTEMPATH/Model.php(744): CodeIgniter\BaseModel->insert()
 5 SYSTEMPATH/BaseModel.php(713): CodeIgniter\Model->insert()
 6 APPPATH/Controllers/Quotes.php(27): CodeIgniter\BaseModel->save()
 7 SYSTEMPATH/CodeIgniter.php(941): App\Controllers\Quotes->post()
 8 SYSTEMPATH/CodeIgniter.php(502): CodeIgniter\CodeIgniter->runController()
 9 SYSTEMPATH/CodeIgniter.php(361): CodeIgniter\CodeIgniter->handleRequest()
10 FCPATH/index.php(79): CodeIgniter\CodeIgniter->run()
CRITICAL - 2024-03-22 03:07:25 --> [Caused by] CodeIgniter\Database\Exceptions\DatabaseException: Table 'Science.posts' doesn't exist
in SYSTEMPATH/Database/MySQLi/Connection.php on line 311.
 1 SYSTEMPATH/Database/BaseConnection.php(693): CodeIgniter\Database\MySQLi\Connection->execute()
 2 SYSTEMPATH/Database/BaseConnection.php(607): CodeIgniter\Database\BaseConnection->simpleQuery()
 3 SYSTEMPATH/Database/BaseBuilder.php(2307): CodeIgniter\Database\BaseConnection->query()
 4 SYSTEMPATH/Model.php(326): CodeIgniter\Database\BaseBuilder->insert()
 5 SYSTEMPATH/BaseModel.php(802): CodeIgniter\Model->doInsert()
 6 SYSTEMPATH/Model.php(744): CodeIgniter\BaseModel->insert()
 7 SYSTEMPATH/BaseModel.php(713): CodeIgniter\Model->insert()
 8 APPPATH/Controllers/Quotes.php(27): CodeIgniter\BaseModel->save()
 9 SYSTEMPATH/CodeIgniter.php(941): App\Controllers\Quotes->post()
10 SYSTEMPATH/CodeIgniter.php(502): CodeIgniter\CodeIgniter->runController()
11 SYSTEMPATH/CodeIgniter.php(361): CodeIgniter\CodeIgniter->handleRequest()
12 FCPATH/index.php(79): CodeIgniter\CodeIgniter->run()
CRITICAL - 2024-03-22 03:07:25 --> [Caused by] mysqli_sql_exception: Table 'Science.posts' doesn't exist
in SYSTEMPATH/Database/MySQLi/Connection.php on line 306.
 1 SYSTEMPATH/Database/MySQLi/Connection.php(306): mysqli->query()
 2 SYSTEMPATH/Database/BaseConnection.php(693): CodeIgniter\Database\MySQLi\Connection->execute()
 3 SYSTEMPATH/Database/BaseConnection.php(607): CodeIgniter\Database\BaseConnection->simpleQuery()
 4 SYSTEMPATH/Database/BaseBuilder.php(2307): CodeIgniter\Database\BaseConnection->query()
 5 SYSTEMPATH/Model.php(326): CodeIgniter\Database\BaseBuilder->insert()
 6 SYSTEMPATH/BaseModel.php(802): CodeIgniter\Model->doInsert()
 7 SYSTEMPATH/Model.php(744): CodeIgniter\BaseModel->insert()
 8 SYSTEMPATH/BaseModel.php(713): CodeIgniter\Model->insert()
 9 APPPATH/Controllers/Quotes.php(27): CodeIgniter\BaseModel->save()
10 SYSTEMPATH/CodeIgniter.php(941): App\Controllers\Quotes->post()
11 SYSTEMPATH/CodeIgniter.php(502): CodeIgniter\CodeIgniter->runController()
12 SYSTEMPATH/CodeIgniter.php(361): CodeIgniter\CodeIgniter->handleRequest()
13 FCPATH/index.php(79): CodeIgniter\CodeIgniter->run()
